{"/Users/lucasbarros/Documents/GitHub/PITANG-Vaccine-Scheduler-Backend/src/controllers/pacient.controller.mjs": {"path":"/Users/lucasbarros/Documents/GitHub/PITANG-Vaccine-Scheduler-Backend/src/controllers/pacient.controller.mjs","statementMap":{"0":{"start":{"line":7,"column":20},"end":{"line":7,"column":32}},"1":{"start":{"line":8,"column":37},"end":{"line":8,"column":69}},"2":{"start":{"line":10,"column":4},"end":{"line":12,"column":5}},"3":{"start":{"line":11,"column":6},"end":{"line":11,"column":46}},"4":{"start":{"line":14,"column":17},"end":{"line":14,"column":47}},"5":{"start":{"line":15,"column":4},"end":{"line":15,"column":17}},"6":{"start":{"line":17,"column":4},"end":{"line":17,"column":21}},"7":{"start":{"line":19,"column":4},"end":{"line":21,"column":63}},"8":{"start":{"line":25,"column":21},"end":{"line":25,"column":34}},"9":{"start":{"line":26,"column":4},"end":{"line":31,"column":7}}},"fnMap":{"0":{"name":"(anonymous_0)","decl":{"start":{"line":6,"column":2},"end":{"line":6,"column":3}},"loc":{"start":{"line":6,"column":27},"end":{"line":22,"column":3}},"line":6},"1":{"name":"(anonymous_1)","decl":{"start":{"line":24,"column":2},"end":{"line":24,"column":3}},"loc":{"start":{"line":24,"column":27},"end":{"line":32,"column":3}},"line":24}},"branchMap":{"0":{"loc":{"start":{"line":10,"column":4},"end":{"line":12,"column":5}},"type":"if","locations":[{"start":{"line":10,"column":4},"end":{"line":12,"column":5}},{"start":{},"end":{}}],"line":10}},"s":{"0":2,"1":2,"2":2,"3":1,"4":1,"5":1,"6":1,"7":1,"8":1,"9":1},"f":{"0":2,"1":1},"b":{"0":[1,1]},"_coverageSchema":"1a1c01bbd47fc00a2c39e90264f33305004495a9","hash":"80f24767bee959784d6a6215c664bcf3be1d147d"}
,"/Users/lucasbarros/Documents/GitHub/PITANG-Vaccine-Scheduler-Backend/src/schemas/pacient.schema.mjs": {"path":"/Users/lucasbarros/Documents/GitHub/PITANG-Vaccine-Scheduler-Backend/src/schemas/pacient.schema.mjs","statementMap":{"0":{"start":{"line":3,"column":22},"end":{"line":16,"column":2}}},"fnMap":{},"branchMap":{},"s":{"0":2},"f":{},"b":{},"_coverageSchema":"1a1c01bbd47fc00a2c39e90264f33305004495a9","hash":"a0eac28e47d35d820121582cd303894ef9e7355a"}
,"/Users/lucasbarros/Documents/GitHub/PITANG-Vaccine-Scheduler-Backend/src/services/pacient.service.mjs": {"path":"/Users/lucasbarros/Documents/GitHub/PITANG-Vaccine-Scheduler-Backend/src/services/pacient.service.mjs","statementMap":{"0":{"start":{"line":1,"column":15},"end":{"line":1,"column":17}},"1":{"start":{"line":3,"column":26},"end":{"line":5,"column":1}},"2":{"start":{"line":4,"column":2},"end":{"line":4,"column":25}},"3":{"start":{"line":7,"column":27},"end":{"line":7,"column":41}},"4":{"start":{"line":7,"column":33},"end":{"line":7,"column":41}}},"fnMap":{"0":{"name":"(anonymous_0)","decl":{"start":{"line":3,"column":26},"end":{"line":3,"column":27}},"loc":{"start":{"line":3,"column":39},"end":{"line":5,"column":1}},"line":3},"1":{"name":"(anonymous_1)","decl":{"start":{"line":7,"column":27},"end":{"line":7,"column":28}},"loc":{"start":{"line":7,"column":33},"end":{"line":7,"column":41}},"line":7}},"branchMap":{},"s":{"0":1,"1":1,"2":0,"3":1,"4":0},"f":{"0":0,"1":0},"b":{},"_coverageSchema":"1a1c01bbd47fc00a2c39e90264f33305004495a9","hash":"64082edbb8d5c1dbaba5f26a2c765a5f3930c10a"}
}
