TN:
SF:src/index.mjs
FN:14,(anonymous_0)
FN:18,(anonymous_1)
FNF:2
FNH:2
FNDA:1,(anonymous_0)
FNDA:1,(anonymous_1)
DA:6,1
DA:7,1
DA:9,1
DA:10,1
DA:11,1
DA:12,1
DA:14,1
DA:15,1
DA:18,1
DA:19,1
LF:10
LH:10
BRDA:7,0,0,1
BRDA:7,0,1,1
BRF:2
BRH:2
end_of_record
TN:
SF:src/controllers/pacient.controller.mjs
FN:11,(anonymous_0)
FN:29,(anonymous_1)
FN:39,(anonymous_2)
FN:43,(anonymous_3)
FN:54,(anonymous_4)
FNF:5
FNH:5
FNDA:3,(anonymous_0)
FNDA:1,(anonymous_1)
FNDA:1,(anonymous_2)
FNDA:2,(anonymous_3)
FNDA:1,(anonymous_4)
DA:12,3
DA:13,3
DA:15,3
DA:16,1
DA:19,2
DA:20,2
DA:22,2
DA:24,2
DA:30,1
DA:31,1
DA:40,1
DA:41,1
DA:43,1
DA:44,2
DA:45,1
DA:47,1
DA:50,1
DA:51,1
DA:55,1
DA:57,1
DA:59,1
DA:61,1
LF:22
LH:22
BRDA:15,0,0,1
BRDA:15,0,1,2
BRDA:44,1,0,1
BRDA:44,1,1,1
BRF:4
BRH:4
end_of_record
TN:
SF:src/routes/pacient.router.mjs
FN:7,(anonymous_0)
FN:11,(anonymous_1)
FN:15,(anonymous_2)
FNF:3
FNH:3
FNDA:5,(anonymous_0)
FNDA:1,(anonymous_1)
FNDA:2,(anonymous_2)
DA:4,2
DA:5,2
DA:7,2
DA:8,5
DA:11,2
DA:12,1
DA:15,2
DA:16,2
LF:8
LH:8
BRF:0
BRH:0
end_of_record
TN:
SF:src/schemas/pacient.schema.mjs
FNF:0
FNH:0
DA:3,3
LF:1
LH:1
BRF:0
BRH:0
end_of_record
TN:
SF:src/services/pacient.service.mjs
FN:3,(anonymous_0)
FN:7,(anonymous_1)
FN:9,(anonymous_2)
FN:13,(anonymous_3)
FN:14,(anonymous_4)
FNF:5
FNH:5
FNDA:10,(anonymous_0)
FNDA:6,(anonymous_1)
FNDA:7,(anonymous_2)
FNDA:3,(anonymous_3)
FNDA:5,(anonymous_4)
DA:1,3
DA:3,3
DA:4,10
DA:7,6
DA:9,3
DA:10,7
DA:13,3
DA:14,5
LF:8
LH:8
BRF:0
BRH:0
end_of_record
