TN:
SF:src/controllers/pacient.controller.mjs
FN:6,(anonymous_0)
FN:24,(anonymous_1)
FN:34,(anonymous_2)
FN:38,(anonymous_3)
FNF:4
FNH:4
FNDA:2,(anonymous_0)
FNDA:1,(anonymous_1)
FNDA:1,(anonymous_2)
FNDA:2,(anonymous_3)
DA:7,2
DA:8,2
DA:10,2
DA:11,1
DA:14,1
DA:15,1
DA:17,1
DA:19,1
DA:25,1
DA:26,1
DA:35,1
DA:36,1
DA:38,1
DA:39,2
DA:40,1
DA:42,1
DA:45,1
DA:46,1
LF:18
LH:18
BRDA:10,0,0,1
BRDA:10,0,1,1
BRDA:39,1,0,1
BRDA:39,1,1,1
BRF:4
BRH:4
end_of_record
TN:
SF:src/schemas/pacient.schema.mjs
FNF:0
FNH:0
DA:3,2
LF:1
LH:1
BRF:0
BRH:0
end_of_record
TN:
SF:src/services/pacient.service.mjs
FN:3,(anonymous_0)
FN:7,(anonymous_1)
FN:9,(anonymous_2)
FNF:3
FNH:0
FNDA:0,(anonymous_0)
FNDA:0,(anonymous_1)
FNDA:0,(anonymous_2)
DA:1,1
DA:3,1
DA:4,0
DA:7,1
DA:9,1
DA:10,0
LF:6
LH:4
BRF:0
BRH:0
end_of_record
